NewProject2/app/build/intermediates/manifest_merge_blame_file/debug/manifest-merger-blame-debug-report.txt
1<?xml version="1.0" encoding="utf-8"?>
2<manifest xmlns:android="http://schemas.android.com/apk/res/android"
3    package="com.sia.alang"
4    android:versionCode="1"
5    android:versionName="1.0" >
6
7    <uses-sdk
8        android:minSdkVersion="21"
8-->src\main\AndroidManifest.xml
9        android:targetSdkVersion="28" />
9-->src\main\AndroidManifest.xml
10
11    <uses-permission android:name="android.permission.INTERNET" />
11-->src\main\AndroidManifest.xml:4:2-64
11-->src\main\AndroidManifest.xml:4:19-61
12    <uses-permission android:name="android.permission.ACCESS_NETWORK_STATE" />
12-->src\main\AndroidManifest.xml:5:2-76
12-->src\main\AndroidManifest.xml:5:19-73
13    <uses-permission android:name="android.permission.WRITE_EXTERNAL_STORAGE" />
13-->[androidmads.library.qrgenearator:QRGenearator:1.0.3] AndroidManifest.xml:11:5-81
13-->[androidmads.library.qrgenearator:QRGenearator:1.0.3] AndroidManifest.xml:11:22-78
14    <uses-permission android:name="android.permission.READ_EXTERNAL_STORAGE" />
15
16    <meta-data
16-->[com.android.support:support-v4:25.3.1] AndroidManifest.xml:25:5-27:34
17        android:name="android.support.VERSION"
17-->[com.android.support:support-v4:25.3.1] AndroidManifest.xml:26:9-47
18        android:value="25.3.1" />
18-->[com.android.support:support-v4:25.3.1] AndroidManifest.xml:27:9-31
19
20    <application
20-->src\main\AndroidManifest.xml:6:2-81:16
21        android:name="com.sia.alang.SketchApplication"
21-->src\main\AndroidManifest.xml:10:3-36
22        android:allowBackup="true"
22-->src\main\AndroidManifest.xml:7:3-29
23        android:appComponentFactory="androidx.core.app.CoreComponentFactory"
23-->[androidx.core:core:1.5.0] AndroidManifest.xml:24:18-86
24        android:debuggable="true"
25        android:icon="@drawable/app_icon"
25-->src\main\AndroidManifest.xml:8:3-36
26        android:label="@string/app_name"
26-->src\main\AndroidManifest.xml:9:3-35
27        android:theme="@style/AppTheme"
27-->src\main\AndroidManifest.xml:12:3-34
28        android:usesCleartextTraffic="true" >
28-->src\main\AndroidManifest.xml:11:3-38
29        <activity
29-->src\main\AndroidManifest.xml:13:3-24:14
30            android:name="com.sia.alang.MainActivity"
30-->src\main\AndroidManifest.xml:14:4-32
31            android:configChanges="orientation|screenSize|keyboardHidden|smallestScreenSize|screenLayout"
31-->src\main\AndroidManifest.xml:15:4-97
32            android:hardwareAccelerated="true"
32-->src\main\AndroidManifest.xml:16:4-38
33            android:screenOrientation="portrait"
33-->src\main\AndroidManifest.xml:19:4-40
34            android:supportsPictureInPicture="true"
34-->src\main\AndroidManifest.xml:17:4-43
35            android:windowSoftInputMode="adjustPan" >
35-->src\main\AndroidManifest.xml:18:1-40
36            <intent-filter>
36-->src\main\AndroidManifest.xml:20:4-23:20
37                <action android:name="android.intent.action.MAIN" />
37-->src\main\AndroidManifest.xml:21:5-57
37-->src\main\AndroidManifest.xml:21:13-54
38
39                <category android:name="android.intent.category.LAUNCHER" />
39-->src\main\AndroidManifest.xml:22:5-65
39-->src\main\AndroidManifest.xml:22:15-62
40            </intent-filter>
41        </activity>
42        <activity
42-->src\main\AndroidManifest.xml:25:3-31:43
43            android:name="com.sia.alang.MenuutamaActivity"
43-->src\main\AndroidManifest.xml:26:1-34
44            android:configChanges="orientation|screenSize|keyboardHidden|smallestScreenSize|screenLayout"
44-->src\main\AndroidManifest.xml:28:4-97
45            android:hardwareAccelerated="true"
45-->src\main\AndroidManifest.xml:29:4-38
46            android:screenOrientation="portrait"
46-->src\main\AndroidManifest.xml:31:4-40
47            android:supportsPictureInPicture="true"
47-->src\main\AndroidManifest.xml:30:4-43
48            android:windowSoftInputMode="adjustPan" />
48-->src\main\AndroidManifest.xml:27:1-40
49        <activity
49-->src\main\AndroidManifest.xml:32:3-38:43
50            android:name="com.sia.alang.QrgeneratorActivity"
50-->src\main\AndroidManifest.xml:33:1-36
51            android:configChanges="orientation|screenSize|keyboardHidden|smallestScreenSize|screenLayout"
51-->src\main\AndroidManifest.xml:35:4-97
52            android:hardwareAccelerated="true"
52-->src\main\AndroidManifest.xml:36:4-38
53            android:screenOrientation="portrait"
53-->src\main\AndroidManifest.xml:38:4-40
54            android:supportsPictureInPicture="true"
54-->src\main\AndroidManifest.xml:37:4-43
55            android:windowSoftInputMode="adjustPan" />
55-->src\main\AndroidManifest.xml:34:1-40
56        <activity
56-->src\main\AndroidManifest.xml:39:3-44:43
57            android:name="com.sia.alang.AkunActivity"
57-->src\main\AndroidManifest.xml:40:4-32
58            android:configChanges="orientation|screenSize|keyboardHidden|smallestScreenSize|screenLayout"
58-->src\main\AndroidManifest.xml:41:4-97
59            android:hardwareAccelerated="true"
59-->src\main\AndroidManifest.xml:42:4-38
60            android:screenOrientation="portrait"
60-->src\main\AndroidManifest.xml:44:4-40
61            android:supportsPictureInPicture="true" />
61-->src\main\AndroidManifest.xml:43:4-43
62        <activity
62-->src\main\AndroidManifest.xml:45:3-51:43
63            android:name="com.sia.alang.SigninActivity"
63-->src\main\AndroidManifest.xml:46:1-31
64            android:configChanges="orientation|screenSize|keyboardHidden|smallestScreenSize|screenLayout"
64-->src\main\AndroidManifest.xml:48:4-97
65            android:hardwareAccelerated="true"
65-->src\main\AndroidManifest.xml:49:4-38
66            android:screenOrientation="portrait"
66-->src\main\AndroidManifest.xml:51:4-40
67            android:supportsPictureInPicture="true"
67-->src\main\AndroidManifest.xml:50:4-43
68            android:windowSoftInputMode="adjustPan" />
68-->src\main\AndroidManifest.xml:47:1-40
69        <activity
69-->src\main\AndroidManifest.xml:52:3-57:43
70            android:name="com.sia.alang.TopupActivity"
70-->src\main\AndroidManifest.xml:53:4-33
71            android:configChanges="orientation|screenSize|keyboardHidden|smallestScreenSize|screenLayout"
71-->src\main\AndroidManifest.xml:54:4-97
72            android:hardwareAccelerated="true"
72-->src\main\AndroidManifest.xml:55:4-38
73            android:screenOrientation="portrait"
73-->src\main\AndroidManifest.xml:57:4-40
74            android:supportsPictureInPicture="true" />
74-->src\main\AndroidManifest.xml:56:4-43
75        <activity
75-->src\main\AndroidManifest.xml:58:3-63:43
76            android:name="com.sia.alang.WaitActivity"
76-->src\main\AndroidManifest.xml:59:4-32
77            android:configChanges="orientation|screenSize|keyboardHidden|smallestScreenSize|screenLayout"
77-->src\main\AndroidManifest.xml:60:4-97
78            android:hardwareAccelerated="true"
78-->src\main\AndroidManifest.xml:61:4-38
79            android:screenOrientation="portrait"
79-->src\main\AndroidManifest.xml:63:4-40
80            android:supportsPictureInPicture="true" />
80-->src\main\AndroidManifest.xml:62:4-43
81        <activity
81-->src\main\AndroidManifest.xml:64:3-66:43
82            android:name="com.sia.alang.DebugActivity"
82-->src\main\AndroidManifest.xml:65:4-33
83            android:screenOrientation="portrait" />
83-->src\main\AndroidManifest.xml:66:4-40
84
85        <meta-data
85-->src\main\AndroidManifest.xml:67:3-69:60
86            android:name="com.google.android.gms.version"
86-->src\main\AndroidManifest.xml:68:4-49
87            android:value="@integer/google_play_services_version" />
87-->src\main\AndroidManifest.xml:69:4-57
88
89        <provider
89-->src\main\AndroidManifest.xml:70:3-74:30
90            android:name="com.google.firebase.provider.FirebaseInitProvider"
90-->src\main\AndroidManifest.xml:71:4-68
91            android:authorities="com.sia.alang.firebaseinitprovider"
91-->src\main\AndroidManifest.xml:72:4-60
92            android:exported="false"
92-->src\main\AndroidManifest.xml:73:4-28
93            android:initOrder="100" />
93-->src\main\AndroidManifest.xml:74:4-27
94
95        <service
95-->src\main\AndroidManifest.xml:75:3-77:31
96            android:name="com.google.firebase.components.ComponentDiscoveryService"
96-->src\main\AndroidManifest.xml:76:4-75
97            android:exported="false" />
97-->src\main\AndroidManifest.xml:77:4-28
98
99        <uses-library
99-->src\main\AndroidManifest.xml:78:3-80:31
100            android:name="org.apache.http.legacy"
100-->src\main\AndroidManifest.xml:79:4-41
101            android:required="false" />
101-->src\main\AndroidManifest.xml:80:4-28
102    </application>
103
104</manifest>